<?xml version="1.0" encoding="UTF-8"?>
<!-- Generated by org.testng.reporters.JUnitReportReporter -->
<testsuite skipped="0" hostname="DESKTOP-MFA0791" name="TestRunner.RunCodeWithTestNG" tests="1" failures="0" timestamp="2020-05-22T17:21:58 BST" time="23.745" errors="0">
  <testcase name="feature" time="23.745" classname="TestRunner.RunCodeWithTestNG"/>
  <system-out/>
</testsuite> <!-- TestRunner.RunCodeWithTestNG -->
